2024-01-31 11:28:36,889 WARNING database DDL Query made to DB:
ALTER TABLE `tabSales Invoice Item` ADD COLUMN `gst_hsn_code` varchar(140), ADD COLUMN `gst_treatment` varchar(140), ADD COLUMN `taxable_value` decimal(21,9) not null default 0, ADD COLUMN `igst_rate` decimal(21,9) not null default 0, ADD COLUMN `cgst_rate` decimal(21,9) not null default 0, ADD COLUMN `sgst_rate` decimal(21,9) not null default 0, ADD COLUMN `cess_rate` decimal(21,9) not null default 0, ADD COLUMN `cess_non_advol_rate` decimal(21,9) not null default 0, ADD COLUMN `igst_amount` decimal(21,9) not null default 0, ADD COLUMN `cgst_amount` decimal(21,9) not null default 0, ADD COLUMN `sgst_amount` decimal(21,9) not null default 0, ADD COLUMN `cess_amount` decimal(21,9) not null default 0, ADD COLUMN `cess_non_advol_amount` decimal(21,9) not null default 0
2024-01-31 11:28:36,895 WARNING database DDL Query made to DB:
ALTER TABLE `tabSales Invoice Item` MODIFY `discount_amount` decimal(21,9) not null default 0, MODIFY `base_price_list_rate` decimal(21,9) not null default 0, MODIFY `weight_per_unit` decimal(21,9) not null default 0, MODIFY `actual_batch_qty` decimal(21,9) not null default 0, MODIFY `qty` decimal(21,9) not null default 0, MODIFY `margin_rate_or_amount` decimal(21,9) not null default 0, MODIFY `net_rate` decimal(21,9) not null default 0, MODIFY `incoming_rate` decimal(21,9) not null default 0, MODIFY `delivered_qty` decimal(21,9) not null default 0, MODIFY `base_net_rate` decimal(21,9) not null default 0, MODIFY `actual_qty` decimal(21,9) not null default 0, MODIFY `amount` decimal(21,9) not null default 0, MODIFY `conversion_factor` decimal(21,9) not null default 0, MODIFY `discount_percentage` decimal(21,9) not null default 0, MODIFY `base_amount` decimal(21,9) not null default 0, MODIFY `net_amount` decimal(21,9) not null default 0, MODIFY `base_rate_with_margin` decimal(21,9) not null default 0, MODIFY `rate_with_margin` decimal(21,9) not null default 0, MODIFY `rate` decimal(21,9) not null default 0, MODIFY `base_net_amount` decimal(21,9) not null default 0, MODIFY `stock_qty` decimal(21,9) not null default 0, MODIFY `price_list_rate` decimal(21,9) not null default 0, MODIFY `total_weight` decimal(21,9) not null default 0, MODIFY `stock_uom_rate` decimal(21,9) not null default 0, MODIFY `base_rate` decimal(21,9) not null default 0
2024-01-31 11:28:36,922 WARNING database DDL Query made to DB:
ALTER TABLE `tabAddress` ADD COLUMN `gstin` varchar(140), ADD COLUMN `gst_state` varchar(140), ADD COLUMN `gst_category` varchar(140) default 'Unregistered', ADD COLUMN `gst_state_number` varchar(140)
2024-01-31 11:28:36,954 WARNING database DDL Query made to DB:
ALTER TABLE `tabQuotation` ADD COLUMN `is_reverse_charge` int(1) not null default 0, ADD COLUMN `is_export_with_gst` int(1) not null default 0, ADD COLUMN `billing_address_gstin` varchar(15), ADD COLUMN `gst_category` varchar(140), ADD COLUMN `place_of_supply` varchar(50), ADD COLUMN `company_gstin` varchar(15)
2024-01-31 11:28:36,960 WARNING database DDL Query made to DB:
ALTER TABLE `tabQuotation` MODIFY `total_net_weight` decimal(21,9) not null default 0, MODIFY `rounding_adjustment` decimal(21,9) not null default 0, MODIFY `base_total` decimal(21,9) not null default 0, MODIFY `base_net_total` decimal(21,9) not null default 0, MODIFY `base_total_taxes_and_charges` decimal(21,9) not null default 0, MODIFY `grand_total` decimal(21,9) not null default 0, MODIFY `rounded_total` decimal(21,9) not null default 0, MODIFY `plc_conversion_rate` decimal(21,9) not null default 0, MODIFY `discount_amount` decimal(21,9) not null default 0, MODIFY `base_discount_amount` decimal(21,9) not null default 0, MODIFY `additional_discount_percentage` decimal(21,9) not null default 0, MODIFY `base_grand_total` decimal(21,9) not null default 0, MODIFY `total_qty` decimal(21,9) not null default 0, MODIFY `total` decimal(21,9) not null default 0, MODIFY `net_total` decimal(21,9) not null default 0, MODIFY `conversion_rate` decimal(21,9) not null default 0, MODIFY `base_rounding_adjustment` decimal(21,9) not null default 0, MODIFY `total_taxes_and_charges` decimal(21,9) not null default 0, MODIFY `base_rounded_total` decimal(21,9) not null default 0
2024-01-31 11:28:36,996 WARNING database DDL Query made to DB:
ALTER TABLE `tabPOS Invoice` ADD COLUMN `billing_address_gstin` varchar(15), ADD COLUMN `gst_category` varchar(140), ADD COLUMN `place_of_supply` varchar(50), ADD COLUMN `company_gstin` varchar(15)
2024-01-31 11:28:37,002 WARNING database DDL Query made to DB:
ALTER TABLE `tabPOS Invoice` MODIFY `discount_amount` decimal(21,9) not null default 0, MODIFY `rounded_total` decimal(21,9) not null default 0, MODIFY `base_discount_amount` decimal(21,9) not null default 0, MODIFY `amount_eligible_for_commission` decimal(21,9) not null default 0, MODIFY `plc_conversion_rate` decimal(21,9) not null default 0, MODIFY `base_change_amount` decimal(21,9) not null default 0, MODIFY `base_write_off_amount` decimal(21,9) not null default 0, MODIFY `base_net_total` decimal(21,9) not null default 0, MODIFY `total_net_weight` decimal(21,9) not null default 0, MODIFY `total_commission` decimal(21,9) not null default 0, MODIFY `conversion_rate` decimal(21,9) not null default 0, MODIFY `total` decimal(21,9) not null default 0, MODIFY `base_total_taxes_and_charges` decimal(21,9) not null default 0, MODIFY `loyalty_amount` decimal(21,9) not null default 0, MODIFY `base_paid_amount` decimal(21,9) not null default 0, MODIFY `write_off_amount` decimal(21,9) not null default 0, MODIFY `change_amount` decimal(21,9) not null default 0, MODIFY `grand_total` decimal(21,9) not null default 0, MODIFY `net_total` decimal(21,9) not null default 0, MODIFY `additional_discount_percentage` decimal(21,9) not null default 0, MODIFY `paid_amount` decimal(21,9) not null default 0, MODIFY `total_advance` decimal(21,9) not null default 0, MODIFY `rounding_adjustment` decimal(21,9) not null default 0, MODIFY `total_qty` decimal(21,9) not null default 0, MODIFY `total_taxes_and_charges` decimal(21,9) not null default 0, MODIFY `outstanding_amount` decimal(21,9) not null default 0, MODIFY `commission_rate` decimal(21,9) not null default 0, MODIFY `base_rounded_total` decimal(21,9) not null default 0, MODIFY `base_total` decimal(21,9) not null default 0, MODIFY `base_rounding_adjustment` decimal(21,9) not null default 0, MODIFY `base_grand_total` decimal(21,9) not null default 0
2024-01-31 11:28:37,023 WARNING database DDL Query made to DB:
ALTER TABLE `tabTax Category` ADD COLUMN `is_inter_state` int(1) not null default 0, ADD COLUMN `is_reverse_charge` int(1) not null default 0, ADD COLUMN `gst_state` varchar(140)
2024-01-31 11:28:37,051 WARNING database DDL Query made to DB:
ALTER TABLE `tabSales Order Item` ADD COLUMN `gst_hsn_code` varchar(140), ADD COLUMN `gst_treatment` varchar(140), ADD COLUMN `taxable_value` decimal(21,9) not null default 0, ADD COLUMN `igst_rate` decimal(21,9) not null default 0, ADD COLUMN `cgst_rate` decimal(21,9) not null default 0, ADD COLUMN `sgst_rate` decimal(21,9) not null default 0, ADD COLUMN `cess_rate` decimal(21,9) not null default 0, ADD COLUMN `cess_non_advol_rate` decimal(21,9) not null default 0, ADD COLUMN `igst_amount` decimal(21,9) not null default 0, ADD COLUMN `cgst_amount` decimal(21,9) not null default 0, ADD COLUMN `sgst_amount` decimal(21,9) not null default 0, ADD COLUMN `cess_amount` decimal(21,9) not null default 0, ADD COLUMN `cess_non_advol_amount` decimal(21,9) not null default 0
2024-01-31 11:28:37,057 WARNING database DDL Query made to DB:
ALTER TABLE `tabSales Order Item` MODIFY `weight_per_unit` decimal(21,9) not null default 0, MODIFY `production_plan_qty` decimal(21,9) not null default 0, MODIFY `projected_qty` decimal(21,9) not null default 0, MODIFY `valuation_rate` decimal(21,9) not null default 0, MODIFY `base_rate` decimal(21,9) not null default 0, MODIFY `planned_qty` decimal(21,9) not null default 0, MODIFY `stock_qty` decimal(21,9) not null default 0, MODIFY `actual_qty` decimal(21,9) not null default 0, MODIFY `delivered_qty` decimal(21,9) not null default 0, MODIFY `stock_uom_rate` decimal(21,9) not null default 0, MODIFY `rate_with_margin` decimal(21,9) not null default 0, MODIFY `margin_rate_or_amount` decimal(21,9) not null default 0, MODIFY `ordered_qty` decimal(21,9) not null default 0, MODIFY `base_amount` decimal(21,9) not null default 0, MODIFY `picked_qty` decimal(21,9) not null default 0, MODIFY `net_amount` decimal(21,9) not null default 0, MODIFY `net_rate` decimal(21,9) not null default 0, MODIFY `discount_percentage` decimal(21,9) not null default 0, MODIFY `produced_qty` decimal(21,9) not null default 0, MODIFY `returned_qty` decimal(21,9) not null default 0, MODIFY `base_net_amount` decimal(21,9) not null default 0, MODIFY `qty` decimal(21,9) not null default 0, MODIFY `base_net_rate` decimal(21,9) not null default 0, MODIFY `gross_profit` decimal(21,9) not null default 0, MODIFY `conversion_factor` decimal(21,9) not null default 0, MODIFY `base_price_list_rate` decimal(21,9) not null default 0, MODIFY `discount_amount` decimal(21,9) not null default 0, MODIFY `base_rate_with_margin` decimal(21,9) not null default 0, MODIFY `work_order_qty` decimal(21,9) not null default 0, MODIFY `price_list_rate` decimal(21,9) not null default 0, MODIFY `rate` decimal(21,9) not null default 0, MODIFY `blanket_order_rate` decimal(21,9) not null default 0, MODIFY `amount` decimal(21,9) not null default 0, MODIFY `billed_amt` decimal(21,9) not null default 0, MODIFY `total_weight` decimal(21,9) not null default 0
2024-01-31 11:28:37,082 WARNING database DDL Query made to DB:
ALTER TABLE `tabSupplier` ADD COLUMN `gstin` varchar(140), ADD COLUMN `gst_category` varchar(140) default 'Unregistered', ADD COLUMN `gst_transporter_id` varchar(140), ADD COLUMN `is_reverse_charge_applicable` int(1) not null default 0
2024-01-31 11:28:37,115 WARNING database DDL Query made to DB:
ALTER TABLE `tabPurchase Receipt` ADD COLUMN `ewaybill` varchar(140), ADD COLUMN `supplier_gstin` varchar(140), ADD COLUMN `gst_category` varchar(140), ADD COLUMN `company_gstin` varchar(140), ADD COLUMN `place_of_supply` varchar(140), ADD COLUMN `transporter` varchar(140), ADD COLUMN `gst_transporter_id` varchar(140), ADD COLUMN `vehicle_no` varchar(15), ADD COLUMN `distance` int(11) not null default 0, ADD COLUMN `mode_of_transport` varchar(140) default 'Road', ADD COLUMN `driver` varchar(140), ADD COLUMN `driver_name` text, ADD COLUMN `gst_vehicle_type` varchar(140) default 'Regular', ADD COLUMN `is_reverse_charge` int(1) not null default 0
2024-01-31 11:28:37,121 WARNING database DDL Query made to DB:
ALTER TABLE `tabPurchase Receipt` MODIFY `total_qty` decimal(21,9) not null default 0, MODIFY `rounding_adjustment` decimal(21,9) not null default 0, MODIFY `plc_conversion_rate` decimal(21,9) not null default 0, MODIFY `base_rounding_adjustment` decimal(21,9) not null default 0, MODIFY `rounded_total` decimal(21,9) not null default 0, MODIFY `additional_discount_percentage` decimal(21,9) not null default 0, MODIFY `total_net_weight` decimal(21,9) not null default 0, MODIFY `base_taxes_and_charges_deducted` decimal(21,9) not null default 0, MODIFY `per_returned` decimal(21,9) not null default 0, MODIFY `taxes_and_charges_added` decimal(21,9) not null default 0, MODIFY `base_total` decimal(21,9) not null default 0, MODIFY `base_net_total` decimal(21,9) not null default 0, MODIFY `base_rounded_total` decimal(21,9) not null default 0, MODIFY `base_discount_amount` decimal(21,9) not null default 0, MODIFY `total_taxes_and_charges` decimal(21,9) not null default 0, MODIFY `base_total_taxes_and_charges` decimal(21,9) not null default 0, MODIFY `per_billed` decimal(21,9) not null default 0, MODIFY `conversion_rate` decimal(21,9) not null default 0, MODIFY `total` decimal(21,9) not null default 0, MODIFY `base_taxes_and_charges_added` decimal(21,9) not null default 0, MODIFY `net_total` decimal(21,9) not null default 0, MODIFY `taxes_and_charges_deducted` decimal(21,9) not null default 0, MODIFY `grand_total` decimal(21,9) not null default 0, MODIFY `discount_amount` decimal(21,9) not null default 0, MODIFY `base_grand_total` decimal(21,9) not null default 0
2024-01-31 11:28:37,147 WARNING database DDL Query made to DB:
ALTER TABLE `tabMaterial Request Item` ADD COLUMN `gst_hsn_code` varchar(140)
2024-01-31 11:28:37,153 WARNING database DDL Query made to DB:
ALTER TABLE `tabMaterial Request Item` MODIFY `stock_qty` decimal(21,9) not null default 0, MODIFY `rate` decimal(21,9) not null default 0, MODIFY `conversion_factor` decimal(21,9) not null default 0, MODIFY `ordered_qty` decimal(21,9) not null default 0, MODIFY `actual_qty` decimal(21,9) not null default 0, MODIFY `projected_qty` decimal(21,9) not null default 0, MODIFY `received_qty` decimal(21,9) not null default 0, MODIFY `amount` decimal(21,9) not null default 0, MODIFY `qty` decimal(21,9) not null default 0, MODIFY `min_order_qty` decimal(21,9) not null default 0
2024-01-31 11:28:37,182 WARNING database DDL Query made to DB:
ALTER TABLE `tabExpense Claim` ADD COLUMN `company_gstin` varchar(140)
2024-01-31 11:28:37,187 WARNING database DDL Query made to DB:
ALTER TABLE `tabExpense Claim` MODIFY `grand_total` decimal(21,9) not null default 0, MODIFY `total_claimed_amount` decimal(21,9) not null default 0, MODIFY `total_amount_reimbursed` decimal(21,9) not null default 0, MODIFY `total_taxes_and_charges` decimal(21,9) not null default 0, MODIFY `total_advance_amount` decimal(21,9) not null default 0, MODIFY `total_sanctioned_amount` decimal(21,9) not null default 0
2024-01-31 11:28:52,214 WARNING database DDL Query made to DB:
create sequence if not exists whatsapp_message_fields_id_seq nocache nocycle
2024-01-31 11:28:52,220 WARNING database DDL Query made to DB:
create table `tabWhatsApp Message Fields` (
			name bigint primary key,
			creation datetime(6),
			modified datetime(6),
			modified_by varchar(140),
			owner varchar(140),
			docstatus int(1) not null default '0',
			idx int(8) not null default '0',
			`field_name` varchar(140),
parent varchar(140),
parentfield varchar(140),
parenttype varchar(140),
index parent(parent))
			ENGINE=InnoDB
			ROW_FORMAT=DYNAMIC
			CHARACTER SET=utf8mb4
			COLLATE=utf8mb4_unicode_ci
2024-01-31 11:28:52,278 WARNING database DDL Query made to DB:
create table `tabWhatsApp Message` (
			name varchar(140) primary key,
			creation datetime(6),
			modified datetime(6),
			modified_by varchar(140),
			owner varchar(140),
			docstatus int(1) not null default '0',
			idx int(8) not null default '0',
			`label` varchar(140),
`type` varchar(140),
`status` varchar(140),
`to` varchar(140),
`from` varchar(140),
`message` longtext,
`message_type` varchar(140),
`message_id` varchar(140),
`conversation_id` varchar(140),
`content_type` varchar(140),
`attach` text,
`_user_tags` text,
`_comments` text,
`_assign` text,
`_liked_by` text,
`_seen` text,
index modified(modified))
			ENGINE=InnoDB
			ROW_FORMAT=DYNAMIC
			CHARACTER SET=utf8mb4
			COLLATE=utf8mb4_unicode_ci
2024-01-31 11:28:52,348 WARNING database DDL Query made to DB:
create table `tabWhatsApp Notification` (
			name varchar(140) primary key,
			creation datetime(6),
			modified datetime(6),
			modified_by varchar(140),
			owner varchar(140),
			docstatus int(1) not null default '0',
			idx int(8) not null default '0',
			`notification_type` varchar(140),
`reference_doctype` varchar(140),
`field_name` varchar(140),
`event_frequency` varchar(140),
`doctype_event` varchar(140),
`disabled` int(1) not null default 0,
`template` varchar(140),
`code` longtext,
`attach_document_print` int(1) not null default 0,
`custom_attachment` int(1) not null default 0,
`attach` text,
`attach_from_field` varchar(140),
`file_name` varchar(140),
`condition` longtext,
`header_type` varchar(140),
`_user_tags` text,
`_comments` text,
`_assign` text,
`_liked_by` text,
index modified(modified))
			ENGINE=InnoDB
			ROW_FORMAT=DYNAMIC
			CHARACTER SET=utf8mb4
			COLLATE=utf8mb4_unicode_ci
2024-01-31 11:28:52,410 WARNING database DDL Query made to DB:
create table `tabWhatsApp Notification Log` (
			name varchar(140) primary key,
			creation datetime(6),
			modified datetime(6),
			modified_by varchar(140),
			owner varchar(140),
			docstatus int(1) not null default '0',
			idx int(8) not null default '0',
			`template` varchar(140),
`meta_data` json,
`_user_tags` text,
`_comments` text,
`_assign` text,
`_liked_by` text,
index modified(modified))
			ENGINE=InnoDB
			ROW_FORMAT=DYNAMIC
			CHARACTER SET=utf8mb4
			COLLATE=utf8mb4_unicode_ci
2024-01-31 11:28:52,483 WARNING database DDL Query made to DB:
create table `tabWhatsApp Templates` (
			name varchar(140) primary key,
			creation datetime(6),
			modified datetime(6),
			modified_by varchar(140),
			owner varchar(140),
			docstatus int(1) not null default '0',
			idx int(8) not null default '0',
			`template` longtext,
`sample_values` text,
`template_name` varchar(140) unique,
`category` varchar(140),
`language` varchar(140),
`language_code` varchar(140),
`header_type` varchar(140),
`header` varchar(140),
`sample` varchar(140),
`footer` varchar(140),
`id` varchar(140),
`status` varchar(140) default 'Pending',
`_user_tags` text,
`_comments` text,
`_assign` text,
`_liked_by` text,
index modified(modified))
			ENGINE=InnoDB
			ROW_FORMAT=DYNAMIC
			CHARACTER SET=utf8mb4
			COLLATE=utf8mb4_unicode_ci
2024-01-31 11:29:07,256 WARNING database DDL Query made to DB:
ALTER TABLE `tabPrint Heading` DROP INDEX `print_heading`
2024-01-31 11:29:07,706 WARNING database DDL Query made to DB:
ALTER TABLE `tabPrint Heading` ADD UNIQUE INDEX IF NOT EXISTS print_heading (`print_heading`)
2024-01-31 11:29:09,295 WARNING database DDL Query made to DB:
ALTER TABLE `tabAddress` ADD COLUMN `tax_category` varchar(140), ADD COLUMN `is_your_company_address` int(1) not null default 0
2024-01-31 11:29:09,328 WARNING database DDL Query made to DB:
ALTER TABLE `tabContact` ADD COLUMN `is_billing_contact` int(1) not null default 0
2024-01-31 11:31:20,214 WARNING database DDL Query made to DB:
ALTER TABLE `tabEmployee` ADD COLUMN `pan_number` varchar(140), ADD COLUMN `provident_fund_account` varchar(140), ADD COLUMN `ifsc_code` varchar(140), ADD COLUMN `micr_code` varchar(140)
2024-01-31 11:31:20,220 WARNING database DDL Query made to DB:
ALTER TABLE `tabEmployee` MODIFY `ctc` decimal(21,9) not null default 0
2024-01-31 11:31:20,251 WARNING database DDL Query made to DB:
ALTER TABLE `tabEmployee Tax Exemption Proof Submission` ADD COLUMN `house_rent_payment_amount` decimal(21,9) not null default 0, ADD COLUMN `rented_in_metro_city` int(1) not null default 0, ADD COLUMN `rented_from_date` date, ADD COLUMN `rented_to_date` date, ADD COLUMN `monthly_house_rent` decimal(21,9) not null default 0, ADD COLUMN `monthly_hra_exemption` decimal(21,9) not null default 0, ADD COLUMN `total_eligible_hra_exemption` decimal(21,9) not null default 0
2024-01-31 11:31:20,256 WARNING database DDL Query made to DB:
ALTER TABLE `tabEmployee Tax Exemption Proof Submission` MODIFY `exemption_amount` decimal(21,9) not null default 0, MODIFY `total_actual_amount` decimal(21,9) not null default 0
2024-01-31 11:31:20,285 WARNING database DDL Query made to DB:
ALTER TABLE `tabSalary Component` ADD COLUMN `component_type` varchar(140)
2024-01-31 11:31:20,291 WARNING database DDL Query made to DB:
ALTER TABLE `tabSalary Component` MODIFY `max_benefit_amount` decimal(21,9) not null default 0, MODIFY `amount` decimal(21,9) not null default 0
2024-01-31 11:31:20,321 WARNING database DDL Query made to DB:
ALTER TABLE `tabEmployee Tax Exemption Declaration` ADD COLUMN `monthly_house_rent` decimal(21,9) not null default 0, ADD COLUMN `rented_in_metro_city` int(1) not null default 0, ADD COLUMN `salary_structure_hra` decimal(21,9) not null default 0, ADD COLUMN `annual_hra_exemption` decimal(21,9) not null default 0, ADD COLUMN `monthly_hra_exemption` decimal(21,9) not null default 0
2024-01-31 11:31:20,326 WARNING database DDL Query made to DB:
ALTER TABLE `tabEmployee Tax Exemption Declaration` MODIFY `total_declared_amount` decimal(21,9) not null default 0, MODIFY `total_exemption_amount` decimal(21,9) not null default 0
2024-01-31 11:31:20,361 WARNING database DDL Query made to DB:
ALTER TABLE `tabCompany` ADD COLUMN `basic_component` varchar(140), ADD COLUMN `hra_component` varchar(140), ADD COLUMN `arrear_component` varchar(140)
2024-01-31 11:31:20,367 WARNING database DDL Query made to DB:
ALTER TABLE `tabCompany` MODIFY `total_monthly_sales` decimal(21,9) not null default 0, MODIFY `credit_limit` decimal(21,9) not null default 0, MODIFY `monthly_sales_target` decimal(21,9) not null default 0
2024-01-31 11:31:27,661 WARNING database DDL Query made to DB:
ALTER TABLE `tabEmployee Tax Exemption Proof Submission` MODIFY `monthly_hra_exemption` decimal(21,9) not null default 0, MODIFY `total_actual_amount` decimal(21,9) not null default 0, MODIFY `monthly_house_rent` decimal(21,9) not null default 0, MODIFY `exemption_amount` decimal(21,9) not null default 0, MODIFY `total_eligible_hra_exemption` decimal(21,9) not null default 0, MODIFY `house_rent_payment_amount` decimal(21,9) not null default 0
2024-01-31 11:31:27,682 WARNING database DDL Query made to DB:
ALTER TABLE `tabSalary Component` MODIFY `amount` decimal(21,9) not null default 0, MODIFY `max_benefit_amount` decimal(21,9) not null default 0
2024-01-31 11:31:27,712 WARNING database DDL Query made to DB:
ALTER TABLE `tabEmployee` MODIFY `ctc` decimal(21,9) not null default 0
2024-01-31 11:31:27,742 WARNING database DDL Query made to DB:
ALTER TABLE `tabCompany` MODIFY `monthly_sales_target` decimal(21,9) not null default 0, MODIFY `total_monthly_sales` decimal(21,9) not null default 0, MODIFY `credit_limit` decimal(21,9) not null default 0
2024-01-31 11:31:27,763 WARNING database DDL Query made to DB:
ALTER TABLE `tabEmployee Tax Exemption Declaration` MODIFY `monthly_house_rent` decimal(21,9) not null default 0, MODIFY `monthly_hra_exemption` decimal(21,9) not null default 0, MODIFY `total_exemption_amount` decimal(21,9) not null default 0, MODIFY `total_declared_amount` decimal(21,9) not null default 0, MODIFY `annual_hra_exemption` decimal(21,9) not null default 0, MODIFY `salary_structure_hra` decimal(21,9) not null default 0
2024-01-31 12:22:36,566 WARNING database DDL Query made to DB:
ALTER TABLE `tabSales Order` ADD COLUMN `custom_field` varchar(140)
2024-01-31 12:22:36,574 WARNING database DDL Query made to DB:
ALTER TABLE `tabSales Order` MODIFY `conversion_rate` decimal(21,9) not null default 0, MODIFY `discount_amount` decimal(21,9) not null default 0, MODIFY `base_discount_amount` decimal(21,9) not null default 0, MODIFY `additional_discount_percentage` decimal(21,9) not null default 0, MODIFY `rounded_total` decimal(21,9) not null default 0, MODIFY `base_net_total` decimal(21,9) not null default 0, MODIFY `total_commission` decimal(21,9) not null default 0, MODIFY `base_total` decimal(21,9) not null default 0, MODIFY `plc_conversion_rate` decimal(21,9) not null default 0, MODIFY `net_total` decimal(21,9) not null default 0, MODIFY `grand_total` decimal(21,9) not null default 0, MODIFY `per_delivered` decimal(21,9) not null default 0, MODIFY `base_rounded_total` decimal(21,9) not null default 0, MODIFY `rounding_adjustment` decimal(21,9) not null default 0, MODIFY `total_taxes_and_charges` decimal(21,9) not null default 0, MODIFY `total_qty` decimal(21,9) not null default 0, MODIFY `per_picked` decimal(21,9) not null default 0, MODIFY `base_total_taxes_and_charges` decimal(21,9) not null default 0, MODIFY `total_net_weight` decimal(21,9) not null default 0, MODIFY `per_billed` decimal(21,9) not null default 0, MODIFY `advance_paid` decimal(21,9) not null default 0, MODIFY `commission_rate` decimal(21,9) not null default 0, MODIFY `amount_eligible_for_commission` decimal(21,9) not null default 0, MODIFY `base_grand_total` decimal(21,9) not null default 0, MODIFY `loyalty_amount` decimal(21,9) not null default 0, MODIFY `total` decimal(21,9) not null default 0, MODIFY `base_rounding_adjustment` decimal(21,9) not null default 0
2024-01-31 12:29:10,833 WARNING database DDL Query made to DB:
ALTER TABLE `tabPrint Heading` DROP INDEX `print_heading`
2024-01-31 12:29:11,293 WARNING database DDL Query made to DB:
ALTER TABLE `tabPrint Heading` ADD UNIQUE INDEX IF NOT EXISTS print_heading (`print_heading`)
2024-01-31 12:29:11,890 WARNING database DDL Query made to DB:
create table `tabTesting` (
			name varchar(140) primary key,
			creation datetime(6),
			modified datetime(6),
			modified_by varchar(140),
			owner varchar(140),
			docstatus int(1) not null default '0',
			idx int(8) not null default '0',
			`fullanme` varchar(140),
`_user_tags` text,
`_comments` text,
`_assign` text,
`_liked_by` text,
index modified(modified))
			ENGINE=InnoDB
			ROW_FORMAT=DYNAMIC
			CHARACTER SET=utf8mb4
			COLLATE=utf8mb4_unicode_ci
2024-01-31 12:29:11,985 WARNING database DDL Query made to DB:
create table `tabTesting Custom App` (
			name varchar(140) primary key,
			creation datetime(6),
			modified datetime(6),
			modified_by varchar(140),
			owner varchar(140),
			docstatus int(1) not null default '0',
			idx int(8) not null default '0',
			`fname` varchar(140),
`phone` int(11) not null default 0,
`gender` varchar(140),
`_user_tags` text,
`_comments` text,
`_assign` text,
`_liked_by` text,
index modified(modified))
			ENGINE=InnoDB
			ROW_FORMAT=DYNAMIC
			CHARACTER SET=utf8mb4
			COLLATE=utf8mb4_unicode_ci
2024-01-31 12:29:12,055 WARNING database DDL Query made to DB:
create table `tabEnrolled Courses` (
			name varchar(140) primary key,
			creation datetime(6),
			modified datetime(6),
			modified_by varchar(140),
			owner varchar(140),
			docstatus int(1) not null default '0',
			idx int(8) not null default '0',
			`course_name` varchar(140),
`status` varchar(140) default 'Not started yet',
parent varchar(140),
parentfield varchar(140),
parenttype varchar(140),
index parent(parent))
			ENGINE=InnoDB
			ROW_FORMAT=DYNAMIC
			CHARACTER SET=utf8mb4
			COLLATE=utf8mb4_unicode_ci
2024-01-31 12:29:12,104 WARNING database DDL Query made to DB:
create table `tabScholarship` (
			name varchar(140) primary key,
			creation datetime(6),
			modified datetime(6),
			modified_by varchar(140),
			owner varchar(140),
			docstatus int(1) not null default '0',
			idx int(8) not null default '0',
			`student_name` varchar(140),
`branch` varchar(140),
`academic_year` varchar(140),
`email` varchar(140),
`date_of_birth` date,
`gender` varchar(140),
`name_of_parentguardian` varchar(140),
`relationship_to_student` varchar(140),
`contact_information_of_parentguardian` varchar(140),
`scholarshipfinancial_aid_information_if_applicable` varchar(140),
`address` text,
`_user_tags` text,
`_comments` text,
`_assign` text,
`_liked_by` text,
index modified(modified))
			ENGINE=InnoDB
			ROW_FORMAT=DYNAMIC
			CHARACTER SET=utf8mb4
			COLLATE=utf8mb4_unicode_ci
2024-01-31 12:29:12,153 WARNING database DDL Query made to DB:
create table `tabCash Details` (
			name varchar(140) primary key,
			creation datetime(6),
			modified datetime(6),
			modified_by varchar(140),
			owner varchar(140),
			docstatus int(1) not null default '0',
			idx int(8) not null default '0',
			`description_of_goods` varchar(140),
`hsnsac` int(11) not null default 0,
`quantity` varchar(140),
`rate` decimal(21,9) not null default 0,
`per` varchar(140),
`amount` int(11) not null default 0,
`companys_pan` int(11) not null default 0,
parent varchar(140),
parentfield varchar(140),
parenttype varchar(140),
index parent(parent))
			ENGINE=InnoDB
			ROW_FORMAT=DYNAMIC
			CHARACTER SET=utf8mb4
			COLLATE=utf8mb4_unicode_ci
2024-01-31 12:29:12,193 WARNING database DDL Query made to DB:
create table `tabMake Detail` (
			name varchar(140) primary key,
			creation datetime(6),
			modified datetime(6),
			modified_by varchar(140),
			owner varchar(140),
			docstatus int(1) not null default '0',
			idx int(8) not null default '0',
			`vehicle_make` varchar(140),
parent varchar(140),
parentfield varchar(140),
parenttype varchar(140),
index parent(parent))
			ENGINE=InnoDB
			ROW_FORMAT=DYNAMIC
			CHARACTER SET=utf8mb4
			COLLATE=utf8mb4_unicode_ci
2024-01-31 12:29:12,254 WARNING database DDL Query made to DB:
create table `tabSales order hilltop` (
			name varchar(140) primary key,
			creation datetime(6),
			modified datetime(6),
			modified_by varchar(140),
			owner varchar(140),
			docstatus int(1) not null default '0',
			idx int(8) not null default '0',
			`from_industry` varchar(140),
`from_address` varchar(140),
`from_gstinuin` varchar(140),
`from_state` varchar(140),
`from__code` varchar(140),
`cin` varchar(140),
`from_email` varchar(140),
`to_induustry` varchar(140),
`to_address` varchar(140),
`pin` int(11) not null default 0,
`to_gstinuin` varchar(140),
`to_state` varchar(140),
`to_code` varchar(140),
`vocher_no` int(11) not null default 0,
`dated` date,
`modeterms_of_payment` varchar(140),
`terms_of_delivery` varchar(140),
`other_references` varchar(140),
`dispatched_through` varchar(140),
`destination` varchar(140),
`description_of_goods` varchar(140),
`hsnsac` int(11) not null default 0,
`quantity` varchar(140),
`rate` decimal(21,9) not null default 0,
`per` varchar(140),
`amount` decimal(21,9) not null default 0,
`company_pan` varchar(140),
`input_igst` decimal(21,9) not null default 0,
`input_igst_amount` decimal(21,9) not null default 0,
`total_amount` decimal(21,9) not null default 0,
`total_amount_in_words` varchar(140),
`_user_tags` text,
`_comments` text,
`_assign` text,
`_liked_by` text,
index modified(modified))
			ENGINE=InnoDB
			ROW_FORMAT=DYNAMIC
			CHARACTER SET=utf8mb4
			COLLATE=utf8mb4_unicode_ci
2024-01-31 12:29:12,299 WARNING database DDL Query made to DB:
create table `tabHello` (
			name varchar(140) primary key,
			creation datetime(6),
			modified datetime(6),
			modified_by varchar(140),
			owner varchar(140),
			docstatus int(1) not null default '0',
			idx int(8) not null default '0',
			`full_name` varchar(140),
`status` varchar(140),
`_user_tags` text,
`_comments` text,
`_assign` text,
`_liked_by` text,
index modified(modified))
			ENGINE=InnoDB
			ROW_FORMAT=DYNAMIC
			CHARACTER SET=utf8mb4
			COLLATE=utf8mb4_unicode_ci
2024-01-31 12:29:12,349 WARNING database DDL Query made to DB:
create table `tabVehicle Make` (
			name varchar(140) primary key,
			creation datetime(6),
			modified datetime(6),
			modified_by varchar(140),
			owner varchar(140),
			docstatus int(1) not null default '0',
			idx int(8) not null default '0',
			`full_name` varchar(140),
`make` varchar(140) unique,
`_user_tags` text,
`_comments` text,
`_assign` text,
`_liked_by` text,
index modified(modified))
			ENGINE=InnoDB
			ROW_FORMAT=DYNAMIC
			CHARACTER SET=utf8mb4
			COLLATE=utf8mb4_unicode_ci
2024-01-31 12:29:12,395 WARNING database DDL Query made to DB:
create table `tabJaya Testing` (
			name varchar(140) primary key,
			creation datetime(6),
			modified datetime(6),
			modified_by varchar(140),
			owner varchar(140),
			docstatus int(1) not null default '0',
			idx int(8) not null default '0',
			`name1` varchar(140),
`_user_tags` text,
`_comments` text,
`_assign` text,
`_liked_by` text,
index modified(modified))
			ENGINE=InnoDB
			ROW_FORMAT=DYNAMIC
			CHARACTER SET=utf8mb4
			COLLATE=utf8mb4_unicode_ci
2024-01-31 12:29:12,456 WARNING database DDL Query made to DB:
create table `tabPerson Detail` (
			name varchar(140) primary key,
			creation datetime(6),
			modified datetime(6),
			modified_by varchar(140),
			owner varchar(140),
			docstatus int(1) not null default '0',
			idx int(8) not null default '0',
			`full_name` varchar(140) unique,
`email` varchar(140),
`mobile_number` int(11) not null default 0,
`_user_tags` text,
`_comments` text,
`_assign` text,
`_liked_by` text,
index modified(modified))
			ENGINE=InnoDB
			ROW_FORMAT=DYNAMIC
			CHARACTER SET=utf8mb4
			COLLATE=utf8mb4_unicode_ci
2024-01-31 12:29:12,505 WARNING database DDL Query made to DB:
create table `tabSample` (
			name varchar(140) primary key,
			creation datetime(6),
			modified datetime(6),
			modified_by varchar(140),
			owner varchar(140),
			docstatus int(1) not null default '0',
			idx int(8) not null default '0',
			`student_list` varchar(140),
`description` varchar(140),
`student_id` varchar(140),
`gender` varchar(140),
`logo` text,
`_user_tags` text,
`_comments` text,
`_assign` text,
`_liked_by` text,
index modified(modified))
			ENGINE=InnoDB
			ROW_FORMAT=DYNAMIC
			CHARACTER SET=utf8mb4
			COLLATE=utf8mb4_unicode_ci
2024-01-31 17:01:56,862 WARNING database DDL Query made to DB:
create table `tabTest Pull Changes` (
			name varchar(140) primary key,
			creation datetime(6),
			modified datetime(6),
			modified_by varchar(140),
			owner varchar(140),
			docstatus int(1) not null default '0',
			idx int(8) not null default '0',
			`name1` varchar(140),
`_user_tags` text,
`_comments` text,
`_assign` text,
`_liked_by` text,
index modified(modified))
			ENGINE=InnoDB
			ROW_FORMAT=DYNAMIC
			CHARACTER SET=utf8mb4
			COLLATE=utf8mb4_unicode_ci
2024-01-31 17:01:56,914 WARNING database DDL Query made to DB:
create table `tabEmployee Salary Details` (
			name varchar(140) primary key,
			creation datetime(6),
			modified datetime(6),
			modified_by varchar(140),
			owner varchar(140),
			docstatus int(1) not null default '0',
			idx int(8) not null default '0',
			`date` date,
`station` varchar(140),
`org_name` varchar(140),
`emp_name` varchar(140),
`emp_designation` varchar(140),
`total_credits` int(11) not null default 0,
`account_holder` varchar(140),
`account_number` varchar(140),
`ifsc_code` varchar(140),
`branch` varchar(140),
`cto_sign` varchar(140),
`ceo_sign` varchar(140),
`emp_sign` varchar(140),
`stamp` varchar(140),
`_user_tags` text,
`_comments` text,
`_assign` text,
`_liked_by` text,
index modified(modified))
			ENGINE=InnoDB
			ROW_FORMAT=DYNAMIC
			CHARACTER SET=utf8mb4
			COLLATE=utf8mb4_unicode_ci
2024-01-31 17:01:56,969 WARNING database DDL Query made to DB:
create table `tabtest` (
			name varchar(140) primary key,
			creation datetime(6),
			modified datetime(6),
			modified_by varchar(140),
			owner varchar(140),
			docstatus int(1) not null default '0',
			idx int(8) not null default '0',
			`fname` varchar(140),
`lname` varchar(140),
`age` int(11) not null default 0,
`branch` varchar(140),
`_user_tags` text,
`_comments` text,
`_assign` text,
`_liked_by` text,
index modified(modified))
			ENGINE=InnoDB
			ROW_FORMAT=DYNAMIC
			CHARACTER SET=utf8mb4
			COLLATE=utf8mb4_unicode_ci
2024-01-31 17:01:57,062 WARNING database DDL Query made to DB:
create table `tabSales Order For Jinja` (
			name varchar(140) primary key,
			creation datetime(6),
			modified datetime(6),
			modified_by varchar(140),
			owner varchar(140),
			docstatus int(1) not null default '0',
			idx int(8) not null default '0',
			`head` varchar(140),
`address` varchar(140),
`gstin` varchar(140),
`state` varchar(140),
`code` int(11) not null default 0,
`cin` varchar(140),
`mail` varchar(140),
`ship_to` varchar(140),
`address_consignee` varchar(140),
`gstin_consignee` varchar(140),
`state_consignee` varchar(140),
`code_consignee` int(11) not null default 0,
`buyer` varchar(140),
`address_buyer` varchar(140),
`gstin_buyer` varchar(140),
`state_buyer` varchar(140),
`code_buyer` int(11) not null default 0,
`voucher` int(11) not null default 0,
`order_no` int(11) not null default 0,
`dispatched_through` varchar(140),
`dated` date,
`payment_mode` varchar(140),
`others` varchar(140),
`destination` varchar(140),
`terms_of_delivery` varchar(140),
`amount_words` varchar(140),
`company_pan` varchar(140),
`sl` int(11) not null default 0,
`description_of_goods` varchar(140),
`hsn` int(11) not null default 0,
`qty` decimal(21,9) not null default 0,
`rate` decimal(21,9) not null default 0,
`per` varchar(140),
`igst` decimal(21,9) not null default 0,
`_user_tags` text,
`_comments` text,
`_assign` text,
`_liked_by` text,
index modified(modified))
			ENGINE=InnoDB
			ROW_FORMAT=DYNAMIC
			CHARACTER SET=utf8mb4
			COLLATE=utf8mb4_unicode_ci
2024-01-31 17:01:57,121 WARNING database DDL Query made to DB:
create table `tabHilltop` (
			name varchar(140) primary key,
			creation datetime(6),
			modified datetime(6),
			modified_by varchar(140),
			owner varchar(140),
			docstatus int(1) not null default '0',
			idx int(8) not null default '0',
			`fname` varchar(140),
`lname` varchar(140),
`fullname` varchar(140),
`integer` int(11) not null default 0,
`add_date` date,
`_user_tags` text,
`_comments` text,
`_assign` text,
`_liked_by` text,
index modified(modified))
			ENGINE=InnoDB
			ROW_FORMAT=DYNAMIC
			CHARACTER SET=utf8mb4
			COLLATE=utf8mb4_unicode_ci
2024-01-31 17:01:57,172 WARNING database DDL Query made to DB:
create table `tabtest_link` (
			name varchar(140) primary key,
			creation datetime(6),
			modified datetime(6),
			modified_by varchar(140),
			owner varchar(140),
			docstatus int(1) not null default '0',
			idx int(8) not null default '0',
			`full_name` varchar(140),
`marks` int(11) not null default 0,
`test` varchar(140),
`grade` varchar(140),
`branch` varchar(140),
`result` varchar(140),
`photo` text,
`amended_from` varchar(140),
`_user_tags` text,
`_comments` text,
`_assign` text,
`_liked_by` text,
index `amended_from`(`amended_from`),
index modified(modified))
			ENGINE=InnoDB
			ROW_FORMAT=DYNAMIC
			CHARACTER SET=utf8mb4
			COLLATE=utf8mb4_unicode_ci
2024-01-31 17:02:31,333 WARNING database DDL Query made to DB:
ALTER TABLE `tabPrint Heading` DROP INDEX `print_heading`
2024-01-31 17:02:32,327 WARNING database DDL Query made to DB:
ALTER TABLE `tabSales Order` MODIFY `base_rounded_total` decimal(21,9) not null default 0, MODIFY `base_discount_amount` decimal(21,9) not null default 0, MODIFY `per_delivered` decimal(21,9) not null default 0, MODIFY `per_billed` decimal(21,9) not null default 0, MODIFY `total_net_weight` decimal(21,9) not null default 0, MODIFY `total_qty` decimal(21,9) not null default 0, MODIFY `commission_rate` decimal(21,9) not null default 0, MODIFY `discount_amount` decimal(21,9) not null default 0, MODIFY `conversion_rate` decimal(21,9) not null default 0, MODIFY `net_total` decimal(21,9) not null default 0, MODIFY `total_taxes_and_charges` decimal(21,9) not null default 0, MODIFY `base_rounding_adjustment` decimal(21,9) not null default 0, MODIFY `base_net_total` decimal(21,9) not null default 0, MODIFY `additional_discount_percentage` decimal(21,9) not null default 0, MODIFY `advance_paid` decimal(21,9) not null default 0, MODIFY `base_grand_total` decimal(21,9) not null default 0, MODIFY `plc_conversion_rate` decimal(21,9) not null default 0, MODIFY `total` decimal(21,9) not null default 0, MODIFY `amount_eligible_for_commission` decimal(21,9) not null default 0, MODIFY `loyalty_amount` decimal(21,9) not null default 0, MODIFY `rounding_adjustment` decimal(21,9) not null default 0, MODIFY `rounded_total` decimal(21,9) not null default 0, MODIFY `total_commission` decimal(21,9) not null default 0, MODIFY `base_total` decimal(21,9) not null default 0, MODIFY `per_picked` decimal(21,9) not null default 0, MODIFY `grand_total` decimal(21,9) not null default 0, MODIFY `base_total_taxes_and_charges` decimal(21,9) not null default 0
2024-01-31 17:02:32,493 WARNING database DDL Query made to DB:
ALTER TABLE `tabPrint Heading` ADD UNIQUE INDEX IF NOT EXISTS print_heading (`print_heading`)
2024-02-01 10:52:27,621 WARNING database DDL Query made to DB:
create table `tabTesting Push` (
			name varchar(140) primary key,
			creation datetime(6),
			modified datetime(6),
			modified_by varchar(140),
			owner varchar(140),
			docstatus int(1) not null default '0',
			idx int(8) not null default '0',
			`_user_tags` text,
`_comments` text,
`_assign` text,
`_liked_by` text,
index modified(modified))
			ENGINE=InnoDB
			ROW_FORMAT=DYNAMIC
			CHARACTER SET=utf8mb4
			COLLATE=utf8mb4_unicode_ci
2024-02-01 10:53:08,765 WARNING database DDL Query made to DB:
ALTER TABLE `tabTesting Push` ADD COLUMN `name1` varchar(140)
2024-02-01 11:02:50,421 WARNING database DDL Query made to DB:
ALTER TABLE `tabTesting Push` ADD COLUMN `age` int(11) not null default 0
2024-02-01 13:18:15,047 WARNING database DDL Query made to DB:
DROP TABLE IF EXISTS `tabGoCardless Settings`
2024-02-01 13:18:15,078 WARNING database DDL Query made to DB:
DROP TABLE IF EXISTS `tabStripe Settings`
2024-02-01 13:18:15,109 WARNING database DDL Query made to DB:
DROP TABLE IF EXISTS `tabPayment Gateway`
2024-02-01 13:18:15,143 WARNING database DDL Query made to DB:
DROP TABLE IF EXISTS `tabMpesa Settings`
2024-02-01 13:18:15,165 WARNING database DDL Query made to DB:
DROP TABLE IF EXISTS `tabGoCardless Mandate`
2024-02-01 13:18:15,195 WARNING database DDL Query made to DB:
DROP TABLE IF EXISTS `tabBraintree Settings`
2024-02-01 13:23:28,719 WARNING database DDL Query made to DB:
DROP TABLE IF EXISTS `tabTesting Custom App`
2024-02-01 13:23:40,911 WARNING database DDL Query made to DB:
DROP TABLE IF EXISTS `tabPerson Detail`
2024-02-01 13:23:40,955 WARNING database DDL Query made to DB:
DROP TABLE IF EXISTS `tabVehicle Make`
2024-02-01 13:23:40,983 WARNING database DDL Query made to DB:
DROP TABLE IF EXISTS `tabScholarship`
2024-02-01 13:23:41,011 WARNING database DDL Query made to DB:
DROP TABLE IF EXISTS `tabSample`
2024-02-01 13:23:41,041 WARNING database DDL Query made to DB:
DROP TABLE IF EXISTS `tabEnrolled Courses`
2024-02-01 13:23:41,069 WARNING database DDL Query made to DB:
DROP TABLE IF EXISTS `tabHello`
2024-02-01 13:23:41,104 WARNING database DDL Query made to DB:
DROP TABLE IF EXISTS `tabSales order hilltop`
2024-02-01 13:23:41,134 WARNING database DDL Query made to DB:
DROP TABLE IF EXISTS `tabCash Details`
2024-02-01 13:23:41,154 WARNING database DDL Query made to DB:
DROP TABLE IF EXISTS `tabMake Detail`
2024-02-01 13:23:41,176 WARNING database DDL Query made to DB:
DROP TABLE IF EXISTS `tabJaya Testing`
2024-02-01 14:14:23,048 WARNING database DDL Query made to DB:
ALTER TABLE `tabPrint Heading` DROP INDEX `print_heading`
2024-02-01 14:14:23,640 WARNING database DDL Query made to DB:
ALTER TABLE `tabSales Order` MODIFY `base_discount_amount` decimal(21,9) not null default 0, MODIFY `base_total` decimal(21,9) not null default 0, MODIFY `base_rounding_adjustment` decimal(21,9) not null default 0, MODIFY `per_picked` decimal(21,9) not null default 0, MODIFY `total` decimal(21,9) not null default 0, MODIFY `per_billed` decimal(21,9) not null default 0, MODIFY `total_commission` decimal(21,9) not null default 0, MODIFY `base_rounded_total` decimal(21,9) not null default 0, MODIFY `amount_eligible_for_commission` decimal(21,9) not null default 0, MODIFY `loyalty_amount` decimal(21,9) not null default 0, MODIFY `grand_total` decimal(21,9) not null default 0, MODIFY `base_net_total` decimal(21,9) not null default 0, MODIFY `rounded_total` decimal(21,9) not null default 0, MODIFY `base_total_taxes_and_charges` decimal(21,9) not null default 0, MODIFY `plc_conversion_rate` decimal(21,9) not null default 0, MODIFY `conversion_rate` decimal(21,9) not null default 0, MODIFY `rounding_adjustment` decimal(21,9) not null default 0, MODIFY `total_net_weight` decimal(21,9) not null default 0, MODIFY `net_total` decimal(21,9) not null default 0, MODIFY `total_taxes_and_charges` decimal(21,9) not null default 0, MODIFY `base_grand_total` decimal(21,9) not null default 0, MODIFY `total_qty` decimal(21,9) not null default 0, MODIFY `additional_discount_percentage` decimal(21,9) not null default 0, MODIFY `advance_paid` decimal(21,9) not null default 0, MODIFY `discount_amount` decimal(21,9) not null default 0, MODIFY `per_delivered` decimal(21,9) not null default 0, MODIFY `commission_rate` decimal(21,9) not null default 0
2024-02-01 14:14:23,834 WARNING database DDL Query made to DB:
ALTER TABLE `tabPrint Heading` ADD UNIQUE INDEX IF NOT EXISTS print_heading (`print_heading`)
2024-02-01 14:14:24,296 WARNING database DDL Query made to DB:
ALTER TABLE `tabAttendance Request` ADD COLUMN `include_holidays` int(1) not null default 0
2024-02-01 18:16:06,545 WARNING database DDL Query made to DB:
ALTER TABLE `tabPrint Heading` DROP INDEX `print_heading`
2024-02-01 18:16:07,201 WARNING database DDL Query made to DB:
ALTER TABLE `tabPrint Heading` ADD UNIQUE INDEX IF NOT EXISTS print_heading (`print_heading`)
2024-02-01 18:19:31,761 WARNING database DDL Query made to DB:
ALTER TABLE `tabPrint Heading` DROP INDEX `print_heading`
2024-02-01 18:19:32,251 WARNING database DDL Query made to DB:
ALTER TABLE `tabPrint Heading` ADD UNIQUE INDEX IF NOT EXISTS print_heading (`print_heading`)
2024-02-01 18:27:23,842 WARNING database DDL Query made to DB:
ALTER TABLE `tabPrint Heading` DROP INDEX `print_heading`
2024-02-01 18:27:24,254 WARNING database DDL Query made to DB:
ALTER TABLE `tabPrint Heading` ADD UNIQUE INDEX IF NOT EXISTS print_heading (`print_heading`)
